<?xml version="1.0" encoding="UTF-8"?>
<!-- Generated by org.testng.reporters.JUnitReportReporter -->
<testsuite hostname="K_MULAUDZI" failures="0" tests="3" name="comtest.SeleniumTest" time="56.563" errors="0" timestamp="2024-01-29T19:34:06 SAST" skipped="0">
  <testcase classname="comtest.SeleniumTest" name="secondTest" time="15.203"/>
  <system-out/>
  <testcase classname="comtest.SeleniumTest" name="thirdTest" time="29.135"/>
  <system-out/>
  <testcase classname="comtest.SeleniumTest" name="firstTest" time="12.225"/>
  <system-out/>
</testsuite> <!-- comtest.SeleniumTest -->
